<?xml version="1.0" encoding="UTF-8"?>
<!-- Generated by org.testng.reporters.JUnitXMLReporter -->
<testsuite hostname="LAPTOP-CLIP7DDS" ignored="0" name="Default test" tests="3" failures="0" timestamp="2021-10-24T15:51:40 IST" time="0.034" errors="0">
  <testcase name="@BeforeSuite launchBrowser" time="-1.635070900107E9" classname="BrowserDriver.Browser">
    <failure type="org.testng.TestNGException" message="
Parameter &amp;apos;browsertest&amp;apos; is required by BeforeSuite on method launchBrowser but has not been marked @Optional or defined
in C:\Users\Pandiyan\AppData\Local\Temp\testng-eclipse--1417429765\testng-customsuite.xml">
      <![CDATA[org.testng.TestNGException: 
Parameter 'browsertest' is required by BeforeSuite on method launchBrowser but has not been marked @Optional or defined
in C:\Users\Pandiyan\AppData\Local\Temp\testng-eclipse--1417429765\testng-customsuite.xml
at org.testng.internal.Parameters.createParams(Parameters.java:270)
at org.testng.internal.Parameters.createParametersForMethod(Parameters.java:358)
at org.testng.internal.Parameters.createParameters(Parameters.java:700)
at org.testng.internal.Parameters.createConfigurationParameters(Parameters.java:168)
at org.testng.internal.ConfigInvoker.invokeConfigurations(ConfigInvoker.java:302)
at org.testng.SuiteRunner.privateRun(SuiteRunner.java:317)
at org.testng.SuiteRunner.run(SuiteRunner.java:276)
at org.testng.SuiteRunnerWorker.runSuite(SuiteRunnerWorker.java:53)
at org.testng.SuiteRunnerWorker.run(SuiteRunnerWorker.java:96)
at org.testng.TestNG.runSuitesSequentially(TestNG.java:1212)
at org.testng.TestNG.runSuitesLocally(TestNG.java:1134)
at org.testng.TestNG.runSuites(TestNG.java:1063)
at org.testng.TestNG.run(TestNG.java:1031)
at org.testng.remote.AbstractRemoteTestNG.run(AbstractRemoteTestNG.java:115)
at org.testng.remote.RemoteTestNG.initAndRun(RemoteTestNG.java:251)
at org.testng.remote.RemoteTestNG.main(RemoteTestNG.java:77)
]]>
    </failure>
  </testcase> <!-- @BeforeSuite launchBrowser -->
  <testcase name="CheckTittle" time="0.0" classname="Login.Source">
    <skipped/>
  </testcase> <!-- CheckTittle -->
  <testcase name="Login" time="0.0" classname="Login.Source">
    <skipped/>
  </testcase> <!-- Login -->
  <testcase name="Search" time="0.0" classname="Login.Source">
    <skipped/>
  </testcase> <!-- Search -->
</testsuite> <!-- Default test -->
